[2023-09-24 22:56:52,615] 23 root - INFO - Data ingestion method starts
[2023-09-24 22:56:52,743] 26 root - INFO - Dataset read as pandas DataFrame
[2023-09-24 22:56:53,038] 30 root - INFO - Performing TrainTest split
[2023-09-24 22:56:53,343] 35 root - INFO - Data ingestion completed
[2023-09-24 22:56:53,490] 68 root - INFO - reading train and test data completed
[2023-09-24 22:56:53,499] 69 root - INFO - Train DataFrame Head : 
   Unnamed: 0      X1  X2  X3  X4  X5  X6  X7  X8  X9  X10  X11    X12    X13    X14    X15    X16    X17   X18    X19   X20   X21   X22   X23  Y
0        1642  100000   2   2   2  27  -1  -1  -1  -2   -2   -2  11540   1300      0      0      0      0  1303      0     0     0     0     0  0
1         843   30000   2   2   1  32  -2  -2  -2  -2   -2   -2      0      0      0      0   7463   6804     0      0     0  7463  6804  4985  0
2       27898  300000   2   3   2  27   0   0   0   0    0    0  17376  17538  16425  11976   3012      0  1294  11236  1032     9     0     0  0
3        9622  110000   2   1   2  25  -2  -2  -2  -2   -2   -2  86107  83894  85037  44819  24512  25447     0   4000  2100  2000  1500  1500  0
4        1783  160000   1   2   1  28   0   0   2   2    0    0  62312  66965  67648  66020  67386  68336  5856   2311     0  2377  2000  1881  0
[2023-09-24 22:56:53,506] 70 root - INFO - Test DataFrame Head : 
   Unnamed: 0      X1  X2  X3  X4  X5  X6  X7  X8  X9  X10  X11     X12     X13     X14     X15     X16     X17    X18    X19    X20    X21    X22    X23  Y
0       24740  240000   1   2   1  39   0   0   0   0    0    0  215013  220938  213460  217816  222214  227174   9600   7800   7907   8021   8610   8084  0
1        6400   30000   1   3   1  33   2   0   0   0    0    0   29742   30266   45414   21331   21987   22452   1406   1366   1000   1000    980   1000  1
2        1348  630000   1   1   2  40   0   0   0   0    0    0  440474  444370  455286  327021  334558  341439  18000  20000  12000  13000  13022  13016  0
3        8939  210000   2   1   2  29   0   0   0   0    0    0    3675    4460    5542   15378   18106   18804   1082   1164  10000   3000   1000   1000  0
4       28050  150000   2   1   2  29  -2  -2  -2  -2   -2   -1       0    5067     131     987       0   14001   5067    131    987    400  14001      0  1
[2023-09-24 22:56:53,507] 71 root - INFO - Obtaining Preprocessor Object
[2023-09-24 22:56:53,507] 26 root - INFO - Data transformation initiated
[2023-09-24 22:56:53,507] 34 root - INFO - Pipeline initiated
[2023-09-24 22:56:53,507] 55 root - INFO - Pipeline completed
[2023-09-24 22:56:53,626] 89 root - INFO - Applying preprocessing object on training and testing Datasets.
[2023-09-24 22:56:53,630] 101 root - INFO - Preprocessor pickle file saved
